

29/02/2024 14:46:41
Estação:SRVHOM01
Tipo:Produtos
Arquivo:C:\Users\Administrador.PLASSER\Documents\tecwin\teste\ImportandoTemp\intTecwin_2024-02-29.txt
Erro:
 29/02/2024 14:35- Inicio da importação do arquivo: C:\Users\Administrador.PLASSER\Documents\tecwin\teste\ImportandoTemp\intTecwin_2024-02-29.txt

Linha 6077: [Erro] Código Tributação IPI(Saída) '' inválido
Linha 7912: [Erro] Código Tributação IPI(Saída) '' inválido
Linha 13675: [Erro] Código Tributação IPI(Saída) '' inválido
Linha 20894: [Erro] Código Tributação IPI(Saída) '' inválido
Linha 25148: [Erro] Código Tributação IPI(Saída) '' inválido
Linha 25772: [Erro] Código Tributação IPI(Saída) '' inválido
Linha 25879: [Erro] Código Tributação IPI(Saída) '' inválido
Linha 26229: [Erro] Código Tributação IPI(Saída) '' inválido
Linha 27121: [Erro] Código Tributação IPI(Saída) '' inválido
Linha 27329: [Erro] Código Tributação IPI(Saída) '' inválido
Linha 27668: [Erro] Código Tributação IPI(Saída) '' inválido
Linha 28037: [Erro] Código Tributação IPI(Saída) '' inválido
Linha 28618: [Erro] Código Tributação IPI(Saída) '' inválido
Linha 35931: [Erro] Código Tributação IPI(Saída) '' inválido
Linha 38282: [Erro] Código Tributação IPI(Saída) '' inválido
Linha 39130: [Erro] Código Tributação IPI(Saída) '' inválido
Linha 60347: [Erro] A classificação atingiu o limite permitido pela máscara.
Linha 87658: [Erro] Código Tributação IPI(Saída) '' inválido
Linha 91795: [Erro] Código Tributação IPI(Saída) '' inválido
Linha 92177: [Erro] Código Tributação IPI(Saída) '' inválido
Linha 92287: [Erro] Código Tributação IPI(Saída) '' inválido
Linha 92815: [Erro] Código Tributação IPI(Saída) '' inválido
Linha 93208: [Erro] Código Tributação IPI(Saída) '' inválido
Linha 93397: [Erro] Código Tributação IPI(Saída) '' inválido
Linha 94894: [Erro] Código Tributação IPI(Saída) '' inválido
Linha 94902: [Erro] A classificação atingiu o limite permitido pela máscara.
Linha 95002: [Erro] Código Tributação IPI(Saída) '' inválido
Linha 95227: [Erro] Código Tributação IPI(Saída) '' inválido
Linha 129026: [Erro] Código Tributação IPI(Saída) '' inválido
Linha 129116: [Erro] Código Tributação IPI(Saída) '' inválido
Linha 129416: [Erro] Código Tributação IPI(Saída) '' inválido
Linha 130173: [Erro] Código Tributação IPI(Saída) '' inválido
Linha 142484: [Erro] Código Tributação IPI(Saída) '' inválido
Linha 143710: [Erro] Código Tributação IPI(Saída) '' inválido
Linha 144788: [Erro] Código Tributação IPI(Saída) '' inválido
Linha 144833: [Erro] Código Tributação IPI(Saída) '' inválido
Linha 144878: [Erro] Código Tributação IPI(Saída) '' inválido
Linha 144923: [Erro] Código Tributação IPI(Saída) '' inválido
Linha 144968: [Erro] Código Tributação IPI(Saída) '' inválido
Linha 145013: [Erro] Código Tributação IPI(Saída) '' inválido
Linha 145058: [Erro] Código Tributação IPI(Saída) '' inválido
Linha 145083: [Erro] Código Tributação IPI(Saída) '' inválido
Linha 145128: [Erro] Código Tributação IPI(Saída) '' inválido
Linha 145173: [Erro] Código Tributação IPI(Saída) '' inválido
Linha 145218: [Erro] Código Tributação IPI(Saída) '' inválido
Linha 145263: [Erro] Código Tributação IPI(Saída) '' inválido
Linha 145308: [Erro] Código Tributação IPI(Saída) '' inválido
Linha 145400: [Erro] Código Tributação IPI(Saída) '' inválido
Linha 145747: [Erro] Código Tributação IPI(Saída) '' inválido
Linha 147818: [Erro] Código Tributação IPI(Saída) '' inválido
Linha 148559: [Erro] Código Tributação IPI(Saída) '' inválido
Linha 148583: [Erro] Código Tributação IPI(Saída) '' inválido
Linha 148607: [Erro] Código Tributação IPI(Saída) '' inválido
Linha 148631: [Erro] Código Tributação IPI(Saída) '' inválido
Linha 152241: [Erro] Código Tributação IPI(Saída) '' inválido
Linha 166568: [Erro] Código Tributação IPI(Saída) '' inválido
Linha 167995: [Erro] Código Tributação IPI(Saída) '' inválido
Linha 168040: [Erro] Código Tributação IPI(Saída) '' inválido
Linha 168085: [Erro] Código Tributação IPI(Saída) '' inválido
Linha 168130: [Erro] Código Tributação IPI(Saída) '' inválido
Linha 168175: [Erro] Código Tributação IPI(Saída) '' inválido
Linha 168220: [Erro] Código Tributação IPI(Saída) '' inválido
Linha 168265: [Erro] Código Tributação IPI(Saída) '' inválido
Linha 168446: [Erro] Código Tributação IPI(Saída) '' inválido
Linha 169453: [Erro] Código Tributação IPI(Saída) '' inválido
Linha 169485: [Erro] Código Tributação IPI(Saída) '' inválido
Linha 169517: [Erro] Código Tributação IPI(Saída) '' inválido
Linha 169562: [Erro] Código Tributação IPI(Saída) '' inválido
Linha 169607: [Erro] Código Tributação IPI(Saída) '' inválido
Linha 169652: [Erro] Código Tributação IPI(Saída) '' inválido
Linha 169684: [Erro] Código Tributação IPI(Saída) '' inválido
Linha 169729: [Erro] Código Tributação IPI(Saída) '' inválido
Linha 169761: [Erro] Código Tributação IPI(Saída) '' inválido
Linha 169807: [Erro] Código Tributação IPI(Saída) '' inválido
Linha 169852: [Erro] Código Tributação IPI(Saída) '' inválido
Linha 169897: [Erro] Código Tributação IPI(Saída) '' inválido
Linha 170077: [Erro] Código Tributação IPI(Saída) '' inválido
Linha 170122: [Erro] Código Tributação IPI(Saída) '' inválido
Linha 170167: [Erro] Código Tributação IPI(Saída) '' inválido
Linha 170212: [Erro] Código Tributação IPI(Saída) '' inválido
Linha 170257: [Erro] Código Tributação IPI(Saída) '' inválido
Linha 170302: [Erro] Código Tributação IPI(Saída) '' inválido
Linha 170347: [Erro] Código Tributação IPI(Saída) '' inválido
Linha 170392: [Erro] Código Tributação IPI(Saída) '' inválido
Linha 170437: [Erro] Código Tributação IPI(Saída) '' inválido
Linha 170482: [Erro] Código Tributação IPI(Saída) '' inválido
Linha 194002: [Erro] Código Tributação IPI(Saída) '' inválido
Linha 194509: [Erro] Código Tributação IPI(Saída) '' inválido
Linha 196349: [Erro] Código Tributação IPI(Saída) '' inválido
Linha 198235: [Erro] Código Tributação IPI(Saída) '' inválido
Linha 214768: [Erro] Código Tributação IPI(Saída) '' inválido
Linha 215534: [Erro] Código Tributação IPI(Saída) '' inválido
Linha 215846: [Erro] Código Tributação IPI(Saída) '' inválido
Linha 219454: [Erro] Código Tributação IPI(Saída) '' inválido
Linha 223161: [Erro] Código Tributação IPI(Saída) '' inválido
Linha 225528: [Erro] Código Tributação IPI(Saída) '' inválido
Linha 226856: [Erro] Código Tributação IPI(Saída) '' inválido
Linha 227084: [Erro] Código Tributação IPI(Saída) '' inválido
Linha 231704: [Erro] Código Tributação IPI(Saída) '' inválido
Linha 231837: [Erro] Código Tributação IPI(Saída) '' inválido
Linha 243167: [Erro] Código Tributação IPI(Saída) '' inválido
Linha 246246: [Erro] Código Tributação IPI(Saída) '' inválido
Linha 249045: [Erro] Código Tributação IPI(Saída) '' inválido
Linha 249541: [Erro] Código Tributação IPI(Saída) '' inválido
Linha 250500: [Erro] Código Tributação IPI(Saída) '' inválido
Linha 250650: [Erro] Código Tributação IPI(Saída) '' inválido
Linha 250800: [Erro] Código Tributação IPI(Saída) '' inválido
Linha 256249: [Erro] Código Tributação IPI(Saída) '' inválido
Linha 256784: [Erro] Código Tributação IPI(Saída) '' inválido
Linha 257582: [Erro] A classificação atingiu o limite permitido pela máscara.
Linha 259659: [Erro] Código Tributação IPI(Saída) '' inválido
Linha 260683: [Erro] Código Tributação IPI(Saída) '' inválido
Linha 261753: [Erro] Código Tributação IPI(Saída) '' inválido
Linha 263309: [Erro] Código Tributação IPI(Saída) '' inválido
Linha 267614: [Erro] Código Tributação IPI(Saída) '' inválido
Linha 268718: [Erro] Código Tributação IPI(Saída) '' inválido
Linha 271961: [Erro] Código Tributação IPI(Saída) '' inválido
Linha 272875: [Erro] Código Tributação IPI(Saída) '' inválido
Linha 278364: [Erro] A classificação atingiu o limite permitido pela máscara.
Linha 280488: [Erro] Código Tributação IPI(Saída) '' inválido
Linha 281442: [Erro] Código Tributação IPI(Saída) '' inválido
Linha 281962: [Erro] Código Tributação IPI(Saída) '' inválido
Linha 283551: [Erro] Código Tributação IPI(Saída) '' inválido
Linha 286776: [Erro] Código Tributação IPI(Saída) '' inválido
Linha 287972: [Erro] Código Tributação IPI(Saída) '' inválido
Linha 298974: [Erro] Código Tributação IPI(Saída) '' inválido
Linha 301642: [Erro] Código Tributação IPI(Saída) '' inválido
Linha 302056: [Erro] Código Tributação IPI(Saída) '' inválido
Linha 302614: [Erro] Código Tributação IPI(Saída) '' inválido
Linha 303670: [Erro] Código Tributação IPI(Saída) '' inválido
Linha 308826: [Erro] Código Tributação IPI(Saída) '' inválido
Linha 308949: [Erro] A classificação atingiu o limite permitido pela máscara.
Linha 311061: [Erro] Código Tributação IPI(Saída) '' inválido
Linha 315531: [Erro] Código Tributação IPI(Saída) '' inválido
Linha 315597: [Erro] Código Tributação IPI(Saída) '' inválido
Linha 316197: [Erro] Código Tributação IPI(Saída) '' inválido
Linha 320204: [Erro] Código Tributação IPI(Saída) '' inválido
Linha 321310: [Erro] Unidade de medida 'm?' não cadastrada
Linha 321326: [Erro] Unidade de medida 'm?' não cadastrada
Linha 321976: [Erro] Código Tributação IPI(Saída) '' inválido
Linha 322926: [Erro] Código Tributação IPI(Saída) '' inválido
Linha 341946: [Erro] Código Tributação IPI(Saída) '' inválido
Linha 343849: [Erro] Código Tributação IPI(Saída) '' inválido
Linha 356923: [Erro] Código Tributação IPI(Saída) '' inválido
Linha 359719: [Erro] Código Tributação IPI(Saída) '' inválido
Linha 369401: [Erro] Unidade de medida 'M?' não cadastrada
Linha 370881: [Erro] Código Tributação IPI(Saída) '' inválido
Linha 383365: [Erro] Código Tributação IPI(Saída) '' inválido
Linha 383637: [Erro] Código Tributação IPI(Saída) '' inválido
Linha 386850: [Erro] Código Tributação IPI(Saída) '' inválido
Linha 396192: [Erro] Código Tributação IPI(Saída) '' inválido
Linha 397836: [Erro] Código Tributação IPI(Saída) '' inválido
Linha 399345: [Erro] Código Tributação IPI(Saída) '' inválido
Linha 399946: [Erro] Código Tributação IPI(Saída) '' inválido
Linha 400057: [Erro] Código Tributação IPI(Saída) '' inválido
Linha 407504: [Erro] Código Tributação IPI(Saída) '' inválido
Linha 410189: [Erro] Código Tributação IPI(Saída) '' inválido
Linha 410317: [Erro] Código Tributação IPI(Saída) '' inválido
Linha 410764: [Erro] Código Tributação IPI(Saída) '' inválido
Linha 410905: [Erro] Código Tributação IPI(Saída) '' inválido
Linha 410986: [Erro] Código Tributação IPI(Saída) '' inválido
Linha 414088: [Erro] Código Tributação IPI(Saída) '' inválido
Linha 414940: [Erro] Código Tributação IPI(Saída) '' inválido
Linha 417758: [Erro] Código Tributação IPI(Saída) '' inválido
Linha 418630: [Erro] Código Tributação IPI(Saída) '' inválido
Linha 418792: [Erro] Código Tributação IPI(Saída) '' inválido
Linha 420548: [Erro] Código Tributação IPI(Saída) '' inválido
Linha 420618: [Erro] Código Tributação IPI(Saída) '' inválido
Linha 421351: [Erro] Código Tributação IPI(Saída) '' inválido
Linha 421441: [Erro] Código Tributação IPI(Saída) '' inválido
Linha 421532: [Erro] Código Tributação IPI(Saída) '' inválido
Linha 427712: [Erro] Código Tributação IPI(Saída) '' inválido
Linha 432759: [Erro] Código Tributação IPI(Saída) '' inválido
Linha 432795: [Erro] Código Tributação IPI(Saída) '' inválido
Linha 441914: [Erro] Código Tributação IPI(Saída) '' inválido
Linha 443045: [Erro] Código Tributação IPI(Saída) '' inválido
Linha 452662: [Erro] Código Tributação IPI(Saída) '' inválido
Linha 453343: [Erro] Código Tributação IPI(Saída) '' inválido
Linha 455215: [Erro] Código Tributação IPI(Saída) '' inválido
Linha 463179: [Erro] Código Tributação IPI(Saída) '' inválido
Linha 463354: [Erro] Código Tributação IPI(Saída) '' inválido
Linha 463621: [Erro] Código Tributação IPI(Saída) '' inválido
Linha 463759: [Erro] Código Tributação IPI(Saída) '' inválido
Linha 463875: [Erro] Código Tributação IPI(Saída) '' inválido
Linha 465771: [Erro] Código Tributação IPI(Saída) '' inválido
Linha 467291: [Erro] Código Tributação IPI(Saída) '' inválido
Linha 467383: [Erro] Código Tributação IPI(Saída) '' inválido
Linha 467864: [Erro] Código Tributação IPI(Saída) '' inválido
Linha 473579: [Erro] Código Tributação IPI(Saída) '' inválido
Linha 477009: [Erro] Código Tributação IPI(Saída) '' inválido
Linha 483852: [Erro] Código Tributação IPI(Saída) '' inválido
Linha 483897: [Erro] Código Tributação IPI(Saída) '' inválido
Linha 483942: [Erro] Código Tributação IPI(Saída) '' inválido
Linha 484624: [Erro] A classificação atingiu o limite permitido pela máscara.
Linha 485083: [Erro] Código Tributação IPI(Saída) '' inválido
Linha 485311: [Erro] Código Tributação IPI(Saída) '' inválido
Linha 485695: [Erro] Código Tributação IPI(Saída) '' inválido
Linha 485830: [Erro] Código Tributação IPI(Saída) '' inválido
Linha 487485: [Erro] Código Tributação IPI(Saída) '' inválido

 29/02/2024 14:46- Fim da importação
